App 325666 output: Listening on the port 3051 ...
App 441524 output: Listening on the port 3051 ...
App 1731351 output: Listening on the port 3051 ...
App 1785880 output: Listening on the port 3051 ...
App 2082740 output: Error: Cannot fork() a new process: Resource temporarily unavailable (errno=11)
App 2082740 output:      (empty)
App 2084095 output: Error: Cannot fork() a new process: Resource temporarily unavailable (errno=11)
App 2084095 output:      (empty)
App 3537011 output: Listening on the port 3051 ...
App 3956830 output: Listening on the port 3051 ...
App 99540 output: Listening on the port 3051 ...
App 330223 output: Listening on the port 3051 ...
App 1330327 output: Listening on the port 3051 ...
App 1354877 output: Listening on the port 3051 ...
App 1355694 output: Listening on the port 3051 ...
App 1376377 output: Listening on the port 3051 ...
App 1564503 output: Listening on the port 3051 ...
App 3950697 output: Listening on the port 3051 ...
App 1166607 output: Listening on the port 3051 ...
App 2868359 output: Listening on the port 3051 ...
App 2307454 output: Listening on the port 3051 ...
App 2548401 output: Listening on the port 3051 ...
App 2528865 output: Listening on the port 3051 ...
App 2456337 output: Listening on the port 3051 ...
App 592203 output: Listening on the port 3051 ...
App 605157 output: Listening on the port 3051 ...
App 3157898 output: node[3157898]: pthread_create: Resource temporarily unavailable
App 3157898 output: Listening on the port 3051 ...
App 3160628 output: node[3160628]: pthread_create: Resource temporarily unavailable
App 3160628 output: Listening on the port 3051 ...
App 3160864 output: Listening on the port 3051 ...
App 3385939 output: terminate called after throwing an instance of '
App 3385939 output: boost::wrapexcept<boost::thread_resource_error>'
App 3385939 output:   what():  boost::thread_resource_error: Resource temporarily unavailable [generic:11]
App 3386347 output: Listening on the port 3051 ...
